2024-11-23 16:44:51,345 - INFO - Сервіс розрахунку рейтингу запущено.
2024-11-23 16:44:51,368 - INFO - [31m[1mWARNING: This is a development server. Do not use it in a production deployment. Use a production WSGI server instead.[0m
 * Running on http://127.0.0.1:5000
2024-11-23 16:44:51,368 - INFO - [33mPress CTRL+C to quit[0m
2024-11-23 16:44:51,369 - INFO -  * Restarting with stat
2024-11-23 16:44:51,703 - INFO - Сервіс розрахунку рейтингу запущено.
2024-11-23 16:44:51,714 - WARNING -  * Debugger is active!
2024-11-23 16:44:51,718 - INFO -  * Debugger PIN: 101-353-143
2024-11-23 16:46:32,150 - INFO -  * Detected change in 'C:\\Users\\vityo\\PycharmProjects\\RatingCalculationService\\app.py', reloading
2024-11-23 16:46:32,197 - INFO -  * Restarting with stat
2024-11-23 16:46:32,574 - INFO - Сервіс розрахунку рейтингу запущено.
2024-11-23 16:48:19,271 - INFO -  * Restarting with stat
2024-11-23 16:48:19,647 - INFO - Сервіс розрахунку рейтингу запущено.
2024-11-23 16:48:35,976 - INFO -  * Restarting with stat
2024-11-23 16:48:36,394 - INFO - Сервіс розрахунку рейтингу запущено.
2024-11-23 16:49:44,465 - INFO -  * Restarting with stat
2024-11-23 16:49:44,823 - INFO - Сервіс розрахунку рейтингу запущено.
2024-11-23 16:50:22,438 - INFO -  * Restarting with stat
2024-11-23 16:50:22,858 - INFO - Сервіс розрахунку рейтингу запущено.
2024-11-23 16:50:46,310 - INFO -  * Restarting with stat
2024-11-23 16:50:46,734 - INFO - Сервіс розрахунку рейтингу запущено.
2024-11-23 16:52:29,187 - INFO -  * Restarting with stat
2024-11-23 16:52:29,546 - INFO - Сервіс розрахунку рейтингу запущено.
2024-11-23 16:52:39,756 - INFO -  * Restarting with stat
2024-11-23 16:52:40,129 - INFO - Сервіс розрахунку рейтингу запущено.
2024-11-23 16:52:52,381 - INFO -  * Restarting with stat
2024-11-23 16:54:41,821 - INFO - Сервіс розрахунку рейтингу запущено.
2024-11-23 16:54:42,167 - INFO - Сервіс розрахунку рейтингу запущено.
2024-11-23 16:55:00,714 - INFO - Сервіс розрахунку рейтингу запущено.
2024-11-23 16:55:01,116 - INFO - Сервіс розрахунку рейтингу запущено.
2024-11-23 16:56:35,426 - INFO - Сервіс розрахунку рейтингу запущено.
2024-11-23 16:56:35,778 - INFO - Сервіс розрахунку рейтингу запущено.
